[2026-05-21 15:03:51] time="2026-05-21T07:03:51Z" level=info msg="create process: bash, command: [\"bash\",\"-c\",\"set -e;mkdir -p /oss-db95c1d4 \\u0026\\u0026 /bin/s3fs modelscope-studio-intl:/eas_mount/studio_moyang_sub_271448/mnt/workspace -o url=http://oss-ap-southeast-1-internal.aliyuncs.com -o allow_other -o auto_unmount -o entry_timeout=600 -o nonempty -o attr_timeout=600 -o multipart_size=24 -o complement_stat -o listobjectsv2 -o check_cache_dir_exist -o insecure_token_file -o token_file=/etc/ram/credentials -o dbglevel=warn -o parallel_count=48 -f /oss-db95c1d4\"]"
[2026-05-21 15:03:51] time="2026-05-21T07:03:51Z" level=info msg="Successfully registered handler" path=/components/ protocol=unix
[2026-05-21 15:03:51] 
[2026-05-21 15:03:51] ██████   █████  ██       ███████  █████  ███████ 
[2026-05-21 15:03:51] ██   ██ ██   ██ ██       ██      ██   ██ ██      
[2026-05-21 15:03:51] ██████  ███████ ██ █████ █████   ███████ ███████ 
[2026-05-21 15:03:51] ██      ██   ██ ██       ██      ██   ██      ██ 
[2026-05-21 15:03:51] ██      ██   ██ ██       ███████ ██   ██ ███████ 
[2026-05-21 15:03:51] 
[2026-05-21 15:03:51] =========== Begin Of Program (name: bash) ===========
[2026-05-21 15:03:55] 2026-05-21 15:03:55,594 CRIT Supervisor is running as root.  Privileges were not dropped because no user is specified in the config file.  If you intend to run as root, you can set user=root in the config file to avoid this message.
[2026-05-21 15:03:55] 2026-05-21 15:03:55,597 INFO supervisord started with pid 1
[2026-05-21 15:03:56] 2026-05-21 15:03:56,600 INFO spawned: 'nginx' with pid 10
[2026-05-21 15:03:56] 2026-05-21 15:03:56,601 INFO spawned: 'syncd' with pid 11
[2026-05-21 15:03:56] 2026-05-21 15:03:56,602 INFO spawned: 'prepare-runtime' with pid 12
[2026-05-21 15:03:56] 2026-05-21 15:03:56,604 INFO spawned: 'postgres' with pid 13
[2026-05-21 15:03:56] 2026-05-21 15:03:56,608 INFO spawned: 'redis' with pid 14
[2026-05-21 15:03:56] 2026-05-21 15:03:56,609 INFO spawned: 'sub2api-restore' with pid 15
[2026-05-21 15:03:56] 2026-05-21 15:03:56,611 INFO spawned: 'sub2api' with pid 16
[2026-05-21 15:03:56] 2026-05-21 15:03:56,612 INFO spawned: 'sub2api-backup' with pid 17
[2026-05-21 15:03:56] 2026-05-21 15:03:56,613 INFO spawned: 'pgadmin4' with pid 18
[2026-05-21 15:03:56] 2026-05-21 15:03:56,614 INFO spawned: 'filebrowser' with pid 19
[2026-05-21 15:03:56] 2026-05-21 15:03:56,616 INFO spawned: 'gotty' with pid 20
[2026-05-21 15:03:56] 2026-05-21 15:03:56,617 INFO spawned: 'cloudflared' with pid 21
[2026-05-21 15:03:56] [wait-for-sync] Waiting for sync to complete...
[2026-05-21 15:03:56] [wait-for-sync] Timeout: 1800 seconds
[2026-05-21 15:03:56] [wait-for-sync] Waiting for sync to start... (0s elapsed)
[2026-05-21 15:03:56] 2026-05-21 15:03:56,914 INFO success: prepare-runtime entered RUNNING state, process has stayed up for > than 0 seconds (startsecs)
[2026-05-21 15:03:56] 2026-05-21 15:03:56,915 INFO success: sub2api-restore entered RUNNING state, process has stayed up for > than 0 seconds (startsecs)
[2026-05-21 15:03:57] [2026-05-21 07:03:57] [sync] LFS enabled
[2026-05-21 15:03:57] [2026-05-21 07:03:57] [sync] 启动 sync 守护进程…
[2026-05-21 15:03:57] [2026-05-21 07:03:57] [sync] Stage 1/4: Git repository sync...
[2026-05-21 15:03:57] [2026-05-21 07:03:57] [sync] Initializing git repo at /home/user/.sync-backup
[2026-05-21 15:03:57] [2026-05-21 07:03:57] [sync] Updated git info/exclude with 3 entries
[2026-05-21 15:03:57] [2026-05-21 07:03:57] [sync] Add origin https://x-access-token:***@github.com/MoYangking/sub2apidata.git
[2026-05-21 15:03:57] 2026-05-21T07:03:57Z INF Using SysV
[2026-05-21 15:03:57] 2026-05-21 15:03:57,979 INFO success: nginx entered RUNNING state, process has stayed up for > than 1 seconds (startsecs)
[2026-05-21 15:03:57] 2026-05-21 15:03:57,979 INFO success: syncd entered RUNNING state, process has stayed up for > than 1 seconds (startsecs)
[2026-05-21 15:03:57] 2026-05-21 15:03:57,980 INFO success: sub2api-backup entered RUNNING state, process has stayed up for > than 1 seconds (startsecs)
[2026-05-21 15:03:57] 2026-05-21 15:03:57,980 INFO success: filebrowser entered RUNNING state, process has stayed up for > than 1 seconds (startsecs)
[2026-05-21 15:03:57] 2026-05-21 15:03:57,980 INFO success: gotty entered RUNNING state, process has stayed up for > than 1 seconds (startsecs)
[2026-05-21 15:03:57] 2026-05-21 15:03:57,980 INFO success: cloudflared entered RUNNING state, process has stayed up for > than 1 seconds (startsecs)
[2026-05-21 15:03:58] 2026-05-21T07:03:58Z INF Linux service for cloudflared installed successfully
[2026-05-21 15:03:58] 2026-05-21T07:03:58Z INF Starting tunnel tunnelID=c3750396-cdd4-494f-a3a1-5d2a3c2d9bb1
[2026-05-21 15:03:58] 2026-05-21T07:03:58Z INF Version 2026.5.0 (Checksum 0095e46fdc88855d801c4d304cb1f5dd4bd656116c47ab94c2ad0ae7cda1c7ec)
[2026-05-21 15:03:58] 2026-05-21T07:03:58Z INF GOOS: linux, GOVersion: go1.26.2, GoArch: amd64
[2026-05-21 15:03:58] 2026-05-21T07:03:58Z INF Settings: map[no-autoupdate:true token:*****]
[2026-05-21 15:03:58] 2026-05-21T07:03:58Z INF Environmental variables map[CLOUDFLARE_TUNNEL_TOKEN:eyJhIjoiODA1OGMwODNmMjgyNjQyYWJhNDlhZTRjN2E4OTNlZjAiLCJ0IjoiYzM3NTAzOTYtY2RkNC00OTRmLWEzYTEtNWQyYTNjMmQ5YmIxIiwicyI6IlpEUXdNR001Wm1RdE1qRmtZeTAwTW1NekxXRm1OMkV0WldVeFlUWXlZMlExTlRCaiJ9]
[2026-05-21 15:03:58] 2026-05-21T07:03:58Z INF cloudflared will not automatically update if installed by a package manager.
[2026-05-21 15:03:58] 2026-05-21T07:03:58Z INF Generated Connector ID: 88fbdfb1-507f-4962-95c1-b10c2fa94443
[2026-05-21 15:03:58] 2026-05-21T07:03:58Z INF Initial protocol quic
[2026-05-21 15:03:58] INFO:     Started server process [11]
[2026-05-21 15:03:58] INFO:     Waiting for application startup.
[2026-05-21 15:03:58] INFO:     Application startup complete.
[2026-05-21 15:03:58] INFO:     Uvicorn running on http://0.0.0.0:5321 (Press CTRL+C to quit)
[2026-05-21 15:03:58] 2026-05-21T07:03:58Z INF ICMP proxy will use 172.32.1.69 as source for IPv4
[2026-05-21 15:03:58] 2026-05-21T07:03:58Z INF ICMP proxy will use fe80::216:3eff:fe26:7e39 in zone eth1 as source for IPv6
[2026-05-21 15:03:58] 2026-05-21T07:03:58Z INF ICMP proxy will use 172.32.1.69 as source for IPv4
[2026-05-21 15:03:58] 2026-05-21T07:03:58Z INF ICMP proxy will use fe80::216:3eff:fe26:7e39 in zone eth1 as source for IPv6
[2026-05-21 15:03:58] 2026-05-21T07:03:58Z INF Starting metrics server on 127.0.0.1:20242/metrics
[2026-05-21 15:03:58] 2026-05-21T07:03:58Z INF Tunnel connection curve preferences: [X25519MLKEM768 CurveID(65074) CurveP256] connIndex=0 event=0 ip=198.41.192.77
[2026-05-21 15:03:58] 2026/05/21 15:03:58 failed to sufficiently increase receive buffer size (was: 208 kiB, wanted: 7168 kiB, got: 416 kiB). See https://github.com/quic-go/quic-go/wiki/UDP-Buffer-Sizes for details.
[2026-05-21 15:03:58] 2026-05-21T07:03:58Z INF Registered tunnel connection connIndex=0 connection=96b53b70-eccd-41bc-b03f-77e3e3440948 event=0 ip=198.41.192.77 location=sin08 protocol=quic
[2026-05-21 15:03:58] 2026-05-21T07:03:58Z INF Tunnel connection curve preferences: [X25519MLKEM768 CurveID(65074) CurveP256] connIndex=1 event=0 ip=198.41.200.53
[2026-05-21 15:03:58] 2026-05-21 15:03:58,684 INFO success: postgres entered RUNNING state, process has stayed up for > than 2 seconds (startsecs)
[2026-05-21 15:03:58] 2026-05-21 15:03:58,684 INFO success: redis entered RUNNING state, process has stayed up for > than 2 seconds (startsecs)
[2026-05-21 15:03:58] 2026-05-21 15:03:58,685 INFO success: sub2api entered RUNNING state, process has stayed up for > than 2 seconds (startsecs)
[2026-05-21 15:03:58] 2026-05-21 15:03:58,685 INFO success: pgadmin4 entered RUNNING state, process has stayed up for > than 2 seconds (startsecs)
[2026-05-21 15:03:58] 2026-05-21T07:03:58Z INF Updated to new configuration config="{\"ingress\":[{\"hostname\":\"sub2api.moyang1.top\",\"service\":\"http://127.0.0.1:7860\"},{\"hostname\":\"tmi.moyang1.top\",\"service\":\"http://127.0.0.1:8888\"},{\"service\":\"http_status:404\"}],\"warp-routing\":{\"enabled\":false}}" version=8
[2026-05-21 15:03:59] 2026-05-21T07:03:59Z INF Registered tunnel connection connIndex=1 connection=1c99cb6e-1f05-4fb9-99eb-e453d03b1a0d event=0 ip=198.41.200.53 location=sin15 protocol=quic
[2026-05-21 15:03:59] 2026-05-21T07:03:59Z INF Tunnel connection curve preferences: [X25519MLKEM768 CurveID(65074) CurveP256] connIndex=2 event=0 ip=198.41.192.67
[2026-05-21 15:04:00] 2026-05-21T07:04:00Z INF Registered tunnel connection connIndex=2 connection=155ca9cd-08f6-4d33-863b-af07435f5120 event=0 ip=198.41.192.67 location=sin06 protocol=quic
[2026-05-21 15:04:00] 2026-05-21T07:04:00Z INF Tunnel connection curve preferences: [X25519MLKEM768 CurveID(65074) CurveP256] connIndex=3 event=0 ip=198.41.200.33
[2026-05-21 15:04:00] [2026-05-21 07:04:00] [sync] 修正文件权限...
[2026-05-21 15:04:01] [2026-05-21 07:04:01] [sync] 初始拉取完成且 HEAD 已对齐远端
[2026-05-21 15:04:01] [2026-05-21 07:04:01] [sync] Verifying Git HEAD alignment...
[2026-05-21 15:04:01] [2026-05-21 07:04:01] [sync] ✓ Git HEAD aligned with remote
[2026-05-21 15:04:01] [2026-05-21 07:04:01] [sync] Stage 2/4: Creating symlinks and tracking empty dirs...
[2026-05-21 15:04:01] [2026-05-21 07:04:01] [sync] 预创建目录型目标
[2026-05-21 15:04:01] [2026-05-21 07:04:01] [sync] 迁移并创建符号链接
[2026-05-21 15:04:01] [2026-05-21 07:04:01] [sync] 处理目标: home/user/backups/sub2api/
[2026-05-21 15:04:01] [2026-05-21 07:04:01] [sync]   src=/home/user/backups/sub2api, dst=/home/user/.sync-backup/home/user/backups/sub2api
[2026-05-21 15:04:01] [2026-05-21 07:04:01] [sync]   /home/user/backups/sub2api 是目录，开始迁移
[2026-05-21 15:04:01] [2026-05-21 07:04:01] [sync]   删除原目录: /home/user/backups/sub2api
[2026-05-21 15:04:01] [2026-05-21 07:04:01] [sync] 确保父目录存在: /home/user/backups
[2026-05-21 15:04:01] [2026-05-21 07:04:01] [sync] ✓ 符号链接已创建: /home/user/backups/sub2api -> /home/user/.sync-backup/home/user/backups/sub2api
[2026-05-21 15:04:01] [2026-05-21 07:04:01] [sync] 跟踪空目录并写入 .gitkeep
[2026-05-21 15:04:01] [2026-05-21 07:04:01] [sync] Stage 3/4: Restoring LFS files...
[2026-05-21 15:04:01] [2026-05-21 07:04:01] [sync] Stage: Restoring LFS files...
[2026-05-21 15:04:01] [2026-05-21 07:04:01] [sync] No LFS pointer files found
[2026-05-21 15:04:01] [2026-05-21 07:04:01] [sync] No LFS files to restore
[2026-05-21 15:04:01] [2026-05-21 07:04:01] [sync] Stage 4/4: Finalizing...
[2026-05-21 15:04:01] [2026-05-21 07:04:01] [sync] ✓ Sync completed, other services can start
[2026-05-21 15:04:01] [2026-05-21 07:04:01] [sync] Entering periodic sync loop...
[2026-05-21 15:04:01] 2026-05-21T07:04:01Z INF Registered tunnel connection connIndex=3 connection=8772495c-fc7b-4d36-88df-4f9055b85a67 event=0 ip=198.41.200.33 location=sin13 protocol=quic
[2026-05-21 15:04:01] [wait-for-sync] Sync completed. Starting service...
[2026-05-21 15:04:01] [2026-05-21 15:04:01] [prepare-runtime] restoring state from /home/user/backups/sub2api/latest.state.tar.gz
[2026-05-21 15:04:01] tar: ./home: Cannot utime: Operation not permitted
[2026-05-21 15:04:01] tar: .: Cannot utime: Operation not permitted
[2026-05-21 15:04:01] tar: .: Cannot change mode to rwx------: Operation not permitted
[2026-05-21 15:04:01] tar: Exiting with failure status due to previous errors
[2026-05-21 15:04:01] 2026-05-21 15:04:01,988 WARN exited: pgadmin4 (exit status 2; not expected)
[2026-05-21 15:04:01] [wait-for-sync] Waiting for sync to complete...
[2026-05-21 15:04:01] [wait-for-sync] Timeout: 1800 seconds
[2026-05-21 15:04:01] 2026-05-21 15:04:01,992 INFO spawned: 'pgadmin4' with pid 262
[2026-05-21 15:04:01] [wait-for-sync] Sync completed. Starting service...
[2026-05-21 15:04:02] [2026-05-21 15:04:02] [prepare-runtime] creating emergency state snapshot before restore
[2026-05-21 15:04:02] [2026-05-21 15:04:02] [prepare-runtime] restoring state from /home/user/backups/sub2api/latest.state.tar.gz
[2026-05-21 15:04:02] 2026-05-21 15:04:02,023 WARN exited: sub2api-backup (exit status 2; not expected)
[2026-05-21 15:04:02] tar: ./home: Cannot utime: Operation not permitted
[2026-05-21 15:04:02] tar: .: Cannot utime: Operation not permitted
[2026-05-21 15:04:02] tar: .: Cannot change mode to rwx------: Operation not permitted
[2026-05-21 15:04:02] tar: Exiting with failure status due to previous errors
[2026-05-21 15:04:02] [wait-for-sync] Waiting for sync to complete...
[2026-05-21 15:04:02] [wait-for-sync] Timeout: 1800 seconds
[2026-05-21 15:04:02] 2026-05-21 15:04:02,939 INFO spawned: 'sub2api-backup' with pid 287
[2026-05-21 15:04:02] [wait-for-sync] Sync completed. Starting service...
[2026-05-21 15:04:02] [2026-05-21 15:04:02] [prepare-runtime] creating emergency state snapshot before restore
[2026-05-21 15:04:02] [2026-05-21 15:04:02] [prepare-runtime] restoring state from /home/user/backups/sub2api/latest.state.tar.gz
[2026-05-21 15:04:02] [2026-05-21 15:04:02] [prepare-runtime] runtime prepared
[2026-05-21 15:04:02] 2026-05-21 15:04:02,983 INFO exited: prepare-runtime (exit status 0; expected)
[2026-05-21 15:04:02] [2026-05-21 15:04:02] [redis] restoring Redis RDB from /home/user/backups/sub2api/latest.redis.rdb
[2026-05-21 15:04:03] [2026-05-21 15:04:03] [postgres] initializing PostgreSQL data directory
[2026-05-21 15:04:03] su: failed to execute /bin/bash: Permission denied
[2026-05-21 15:04:03] 2026-05-21 15:04:03,253 WARN exited: postgres (exit status 126; not expected)
[2026-05-21 15:04:03] 14:C 21 May 2026 15:04:03.384 # oO0OoO0OoO0Oo Redis is starting oO0OoO0OoO0Oo
[2026-05-21 15:04:03] 14:C 21 May 2026 15:04:03.384 # Redis version=7.0.15, bits=64, commit=00000000, modified=0, pid=14, just started
[2026-05-21 15:04:03] 14:C 21 May 2026 15:04:03.384 # Configuration loaded
[2026-05-21 15:04:03] 2026-05-21 15:04:03,385 INFO spawned: 'postgres' with pid 391
[2026-05-21 15:04:03] 14:M 21 May 2026 15:04:03.384 * monotonic clock: POSIX clock_gettime
[2026-05-21 15:04:03] 14:M 21 May 2026 15:04:03.385 * Running mode=standalone, port=6379.
[2026-05-21 15:04:03] 14:M 21 May 2026 15:04:03.385 # Server initialized
[2026-05-21 15:04:03] 14:M 21 May 2026 15:04:03.390 * Creating AOF base file appendonly.aof.1.base.rdb on server start
[2026-05-21 15:04:03] 14:M 21 May 2026 15:04:03.392 * Creating AOF incr file appendonly.aof.1.incr.aof on server start
[2026-05-21 15:04:03] 14:M 21 May 2026 15:04:03.392 * Ready to accept connections
[2026-05-21 15:04:03] [2026-05-21 15:04:03] [postgres] initializing PostgreSQL data directory
[2026-05-21 15:04:03] [2026-05-21 07:04:03] [sync] 已提交并推送变更
[2026-05-21 15:04:03] su: failed to execute /bin/bash: Permission denied
[2026-05-21 15:04:03] 2026-05-21 15:04:03,423 WARN exited: postgres (exit status 126; not expected)
[2026-05-21 15:04:03] 2026/05/21 15:04:03 DEPRECATION NOTICE: Flag --baseurl has been deprecated, use --baseURL instead
[2026-05-21 15:04:03] 2026/05/21 15:04:03 No config file used
[2026-05-21 15:04:03] 2026/05/21 15:04:03 Using database: /home/user/filebrowser-data/filebrowser.db
[2026-05-21 15:04:03] 2026/05/21 15:04:03 No config file used
[2026-05-21 15:04:03] 2026/05/21 15:04:03 Using database: /home/user/filebrowser-data/filebrowser.db
[2026-05-21 15:04:03] Error: the resource does not exist
[2026-05-21 15:04:03] 2026-05-21 15:04:03,579 WARN exited: filebrowser (exit status 1; not expected)
[2026-05-21 15:04:04] 2026-05-21 15:04:04,580 INFO spawned: 'postgres' with pid 433
[2026-05-21 15:04:04] 2026-05-21 15:04:04,581 INFO success: sub2api-backup entered RUNNING state, process has stayed up for > than 1 seconds (startsecs)
[2026-05-21 15:04:04] 2026-05-21 15:04:04,581 INFO success: pgadmin4 entered RUNNING state, process has stayed up for > than 2 seconds (startsecs)
[2026-05-21 15:04:04] 2026-05-21 15:04:04,582 INFO spawned: 'filebrowser' with pid 434
[2026-05-21 15:04:04] [2026-05-21 15:04:04] [postgres] initializing PostgreSQL data directory
[2026-05-21 15:04:04] su: failed to execute /bin/bash: Permission denied
[2026-05-21 15:04:04] 2026-05-21 15:04:04,634 WARN exited: postgres (exit status 126; not expected)
[2026-05-21 15:04:04] 2026/05/21 15:04:04 DEPRECATION NOTICE: Flag --baseurl has been deprecated, use --baseURL instead
[2026-05-21 15:04:04] 2026/05/21 15:04:04 No config file used
[2026-05-21 15:04:04] 2026/05/21 15:04:04 Using database: /home/user/filebrowser-data/filebrowser.db
[2026-05-21 15:04:04] 2026/05/21 15:04:04 No config file used
[2026-05-21 15:04:04] 2026/05/21 15:04:04 Using database: /home/user/filebrowser-data/filebrowser.db
[2026-05-21 15:04:04] Error: the resource does not exist
[2026-05-21 15:04:04] 2026-05-21 15:04:04,839 WARN exited: filebrowser (exit status 1; not expected)
[2026-05-21 15:04:05] 2026-05-21 15:04:05,841 INFO spawned: 'filebrowser' with pid 477
[2026-05-21 15:04:05] 2026/05/21 15:04:05 DEPRECATION NOTICE: Flag --baseurl has been deprecated, use --baseURL instead
[2026-05-21 15:04:05] 2026/05/21 15:04:05 No config file used
[2026-05-21 15:04:05] 2026/05/21 15:04:05 Using database: /home/user/filebrowser-data/filebrowser.db
[2026-05-21 15:04:05] 2026/05/21 15:04:05 No config file used
[2026-05-21 15:04:05] 2026/05/21 15:04:05 Using database: /home/user/filebrowser-data/filebrowser.db
[2026-05-21 15:04:05] Error: the resource does not exist
[2026-05-21 15:04:05] 2026-05-21 15:04:05,947 WARN exited: filebrowser (exit status 1; not expected)
[2026-05-21 15:04:06] 2026-05-21 15:04:06,949 INFO spawned: 'postgres' with pid 505
[2026-05-21 15:04:06] [2026-05-21 15:04:06] [postgres] initializing PostgreSQL data directory
[2026-05-21 15:04:06] su: failed to execute /bin/bash: Permission denied
[2026-05-21 15:04:06] 2026-05-21 15:04:06,975 WARN exited: postgres (exit status 126; not expected)
[2026-05-21 15:04:07] 2026-05-21 15:04:07,977 INFO spawned: 'filebrowser' with pid 530
[2026-05-21 15:04:08] 2026/05/21 15:04:08 DEPRECATION NOTICE: Flag --baseurl has been deprecated, use --baseURL instead
[2026-05-21 15:04:08] 2026/05/21 15:04:08 No config file used
[2026-05-21 15:04:08] 2026/05/21 15:04:08 Using database: /home/user/filebrowser-data/filebrowser.db
[2026-05-21 15:04:08] 2026/05/21 15:04:08 No config file used
[2026-05-21 15:04:08] 2026/05/21 15:04:08 Using database: /home/user/filebrowser-data/filebrowser.db
[2026-05-21 15:04:08] Error: the resource does not exist
[2026-05-21 15:04:08] 2026-05-21 15:04:08,074 WARN exited: filebrowser (exit status 1; not expected)
[2026-05-21 15:04:10] 2026-05-21 15:04:10,077 INFO spawned: 'postgres' with pid 570
[2026-05-21 15:04:10] [2026-05-21 15:04:10] [postgres] initializing PostgreSQL data directory
[2026-05-21 15:04:10] su: failed to execute /bin/bash: Permission denied
[2026-05-21 15:04:10] 2026-05-21 15:04:10,103 WARN exited: postgres (exit status 126; not expected)
[2026-05-21 15:04:11] 2026-05-21 15:04:11,104 INFO gave up: postgres entered FATAL state, too many start retries too quickly
[2026-05-21 15:04:11] 2026-05-21 15:04:11,105 INFO spawned: 'filebrowser' with pid 594
[2026-05-21 15:04:11] 2026/05/21 15:04:11 DEPRECATION NOTICE: Flag --baseurl has been deprecated, use --baseURL instead
[2026-05-21 15:04:11] 2026/05/21 15:04:11 No config file used
[2026-05-21 15:04:11] 2026/05/21 15:04:11 Using database: /home/user/filebrowser-data/filebrowser.db
[2026-05-21 15:04:11] 2026/05/21 15:04:11 No config file used
[2026-05-21 15:04:11] 2026/05/21 15:04:11 Using database: /home/user/filebrowser-data/filebrowser.db
[2026-05-21 15:04:11] Error: the resource does not exist
[2026-05-21 15:04:11] 2026-05-21 15:04:11,197 WARN exited: filebrowser (exit status 1; not expected)
[2026-05-21 15:04:12] 2026-05-21 15:04:12,198 INFO gave up: filebrowser entered FATAL state, too many start retries too quickly
